2023-09-29 22:46:47,639 [INFO] Activator:177 - 


2023-09-29 22:46:47,639 [INFO] Activator:178 - !SESSION log4j initialized
2023-09-29 22:50:37,756 [INFO] Activator:177 - 


2023-09-29 22:50:37,756 [INFO] Activator:178 - !SESSION log4j initialized
2023-09-29 22:53:43,094 [INFO] Activator:177 - 


2023-09-29 22:53:43,094 [INFO] Activator:178 - !SESSION log4j initialized
2023-09-29 22:55:46,438 [INFO] Activator:177 - 


2023-09-29 22:55:46,438 [INFO] Activator:178 - !SESSION log4j initialized
2023-09-29 22:55:50,456 [INFO] McuFinderGlobals:39 - Set McuFinder mode to 2 (CubeIDE integrated)
2023-09-29 22:55:52,109 [INFO] ApplicationProperties:181 - Using Application install path: D:\Installation\Apps\CubeIDE\STM32CubeIDE_1.7.0\STM32CubeIDE\plugins\com.st.stm32cube.common.mx_6.3.0.202107141111
2023-09-29 22:55:52,129 [INFO] DbMcusXml:74 - Set database path to: D:\Installation\Apps\CubeIDE\STM32CubeIDE_1.7.0\STM32CubeIDE\plugins\com.st.stm32cube.common.mx_6.3.0.202107141111\\db\/mcu/
2023-09-29 22:55:52,133 [INFO] DbBoardsPdsc:56 - Set plugin database path to: D:\Installation\Apps\CubeIDE\STM32CubeIDE_1.7.0\STM32CubeIDE\plugins\com.st.stm32cube.common.mx_6.3.0.202107141111\\db\/plugins/boardmanager/
2023-09-29 22:55:52,134 [INFO] DbMcus:258 - Set plugin images path to: D:\Installation\Apps\CubeIDE\STM32CubeIDE_1.7.0\STM32CubeIDE\plugins\com.st.stm32cube.common.mx_6.3.0.202107141111\\db\/plugins/mcufinder/images/
2023-09-29 22:55:52,134 [INFO] DbBoards:264 - Set plugin images path to: D:\Installation\Apps\CubeIDE\STM32CubeIDE_1.7.0\STM32CubeIDE\plugins\com.st.stm32cube.common.mx_6.3.0.202107141111\\db\/plugins/mcufinder/images/
2023-09-29 22:55:52,138 [INFO] DbExamples:333 - Set plugin images path to: D:\Installation\Apps\CubeIDE\STM32CubeIDE_1.7.0\STM32CubeIDE\plugins\com.st.stm32cube.common.mx_6.3.0.202107141111\\db\/plugins/mcufinder/images/
2023-09-29 22:55:52,145 [INFO] DbMcusAds:119 - Set database path to: C:\Users\WINDOWN\.stmcufinder\plugins\mcufinder//mcu/
2023-09-29 22:55:52,147 [INFO] DbMcusDocs:110 - Set database path to: C:\Users\WINDOWN\.stmcufinder\plugins\mcufinder//mcu/
2023-09-29 22:55:52,147 [INFO] DbMcusJson:64 - Set database path to: C:\Users\WINDOWN\.stmcufinder\plugins\mcufinder//mcu/
2023-09-29 22:55:52,147 [INFO] DbBoardsDocs:110 - Set database path to: C:\Users\WINDOWN\.stmcufinder\plugins\mcufinder//mcu/
2023-09-29 22:55:52,152 [INFO] DbBoardsJson:57 - Set database path to: C:\Users\WINDOWN\.stmcufinder\plugins\mcufinder//mcu/
2023-09-29 22:55:52,161 [INFO] CrossReferenceDbSqlite:196 - Set database path to: C:\Users\WINDOWN\.stmcufinder\plugins\mcufinder//mcu/cs/
2023-09-29 22:55:52,165 [INFO] DbExamplesSqlite:767 - Set database path to: C:\Users\WINDOWN\.stmcufinder\plugins\mcufinder//mcu/
2023-09-29 22:55:52,259 [INFO] RulesReader:57 - Compatibility file has been processed (242 Rules)
2023-09-29 22:55:52,363 [INFO] DbMcusXml:74 - Set database path to: D:\Installation\Apps\CubeIDE\STM32CubeIDE_1.7.0\STM32CubeIDE\plugins\com.st.stm32cube.common.mx_6.3.0.202107141111\\db\/mcu/
2023-09-29 22:55:52,364 [INFO] DbBoardsPdsc:56 - Set plugin database path to: D:\Installation\Apps\CubeIDE\STM32CubeIDE_1.7.0\STM32CubeIDE\plugins\com.st.stm32cube.common.mx_6.3.0.202107141111\\db\/plugins/boardmanager/
2023-09-29 22:55:52,364 [INFO] DbMcus:258 - Set plugin images path to: D:\Installation\Apps\CubeIDE\STM32CubeIDE_1.7.0\STM32CubeIDE\plugins\com.st.stm32cube.common.mx_6.3.0.202107141111\\db\/plugins/mcufinder/images/
2023-09-29 22:55:52,364 [INFO] DbBoards:264 - Set plugin images path to: D:\Installation\Apps\CubeIDE\STM32CubeIDE_1.7.0\STM32CubeIDE\plugins\com.st.stm32cube.common.mx_6.3.0.202107141111\\db\/plugins/mcufinder/images/
2023-09-29 22:55:52,364 [INFO] DbExamples:333 - Set plugin images path to: D:\Installation\Apps\CubeIDE\STM32CubeIDE_1.7.0\STM32CubeIDE\plugins\com.st.stm32cube.common.mx_6.3.0.202107141111\\db\/plugins/mcufinder/images/
2023-09-29 22:55:52,364 [WARN] DbFile:35 - Overriding database path with different value: C:\Users\WINDOWN\.stmcufinder\plugins\mcufinder/ => C:\Users\WINDOWN\.stmcufinder\plugins\mcufinder
2023-09-29 22:55:52,364 [INFO] DbMcusAds:119 - Set database path to: C:\Users\WINDOWN\.stmcufinder\plugins\mcufinder//mcu/
2023-09-29 22:55:52,364 [WARN] DbFile:35 - Overriding database path with different value: C:\Users\WINDOWN\.stmcufinder\plugins\mcufinder/ => C:\Users\WINDOWN\.stmcufinder\plugins\mcufinder
2023-09-29 22:55:52,364 [INFO] DbMcusDocs:110 - Set database path to: C:\Users\WINDOWN\.stmcufinder\plugins\mcufinder//mcu/
2023-09-29 22:55:52,364 [WARN] DbFile:35 - Overriding database path with different value: C:\Users\WINDOWN\.stmcufinder\plugins\mcufinder/ => C:\Users\WINDOWN\.stmcufinder\plugins\mcufinder
2023-09-29 22:55:52,365 [INFO] DbMcusJson:64 - Set database path to: C:\Users\WINDOWN\.stmcufinder\plugins\mcufinder//mcu/
2023-09-29 22:55:52,365 [WARN] DbFile:35 - Overriding database path with different value: C:\Users\WINDOWN\.stmcufinder\plugins\mcufinder/ => C:\Users\WINDOWN\.stmcufinder\plugins\mcufinder
2023-09-29 22:55:52,365 [INFO] DbBoardsDocs:110 - Set database path to: C:\Users\WINDOWN\.stmcufinder\plugins\mcufinder//mcu/
2023-09-29 22:55:52,365 [WARN] DbFile:35 - Overriding database path with different value: C:\Users\WINDOWN\.stmcufinder\plugins\mcufinder/ => C:\Users\WINDOWN\.stmcufinder\plugins\mcufinder
2023-09-29 22:55:52,365 [INFO] DbBoardsJson:57 - Set database path to: C:\Users\WINDOWN\.stmcufinder\plugins\mcufinder//mcu/
2023-09-29 22:55:52,365 [WARN] DbFile:35 - Overriding database path with different value: C:\Users\WINDOWN\.stmcufinder\plugins\mcufinder/ => C:\Users\WINDOWN\.stmcufinder\plugins\mcufinder
2023-09-29 22:55:52,365 [WARN] DbFile:35 - Overriding database path with different value: C:\Users\WINDOWN\.stmcufinder\plugins\mcufinder/ => C:\Users\WINDOWN\.stmcufinder\plugins\mcufinder
2023-09-29 22:55:52,365 [INFO] CrossReferenceDbSqlite:196 - Set database path to: C:\Users\WINDOWN\.stmcufinder\plugins\mcufinder//mcu/cs/
2023-09-29 22:55:52,365 [WARN] DbFile:35 - Overriding database path with different value: C:\Users\WINDOWN\.stmcufinder\plugins\mcufinder/ => C:\Users\WINDOWN\.stmcufinder\plugins\mcufinder
2023-09-29 22:55:52,365 [INFO] DbExamplesSqlite:767 - Set database path to: C:\Users\WINDOWN\.stmcufinder\plugins\mcufinder//mcu/
2023-09-29 22:55:52,460 [INFO] MainPanel:214 - HeapMemory: 268435456
2023-09-29 22:55:52,575 [INFO] DbMcusXml:74 - Set database path to: D:\Installation\Apps\CubeIDE\STM32CubeIDE_1.7.0\STM32CubeIDE\plugins\com.st.stm32cube.common.mx_6.3.0.202107141111\\db\/mcu/
2023-09-29 22:55:52,575 [INFO] DbBoardsPdsc:56 - Set plugin database path to: D:\Installation\Apps\CubeIDE\STM32CubeIDE_1.7.0\STM32CubeIDE\plugins\com.st.stm32cube.common.mx_6.3.0.202107141111\\db\/plugins/boardmanager/
2023-09-29 22:55:52,576 [INFO] DbMcus:258 - Set plugin images path to: D:\Installation\Apps\CubeIDE\STM32CubeIDE_1.7.0\STM32CubeIDE\plugins\com.st.stm32cube.common.mx_6.3.0.202107141111\\db\/plugins/mcufinder/images/
2023-09-29 22:55:52,576 [INFO] DbBoards:264 - Set plugin images path to: D:\Installation\Apps\CubeIDE\STM32CubeIDE_1.7.0\STM32CubeIDE\plugins\com.st.stm32cube.common.mx_6.3.0.202107141111\\db\/plugins/mcufinder/images/
2023-09-29 22:55:52,576 [INFO] DbExamples:333 - Set plugin images path to: D:\Installation\Apps\CubeIDE\STM32CubeIDE_1.7.0\STM32CubeIDE\plugins\com.st.stm32cube.common.mx_6.3.0.202107141111\\db\/plugins/mcufinder/images/
2023-09-29 22:55:52,576 [WARN] DbFile:35 - Overriding database path with different value: C:\Users\WINDOWN\.stmcufinder\plugins\mcufinder/ => C:\Users\WINDOWN\.stmcufinder\plugins\mcufinder
2023-09-29 22:55:52,576 [INFO] DbMcusAds:119 - Set database path to: C:\Users\WINDOWN\.stmcufinder\plugins\mcufinder//mcu/
2023-09-29 22:55:52,576 [WARN] DbFile:35 - Overriding database path with different value: C:\Users\WINDOWN\.stmcufinder\plugins\mcufinder/ => C:\Users\WINDOWN\.stmcufinder\plugins\mcufinder
2023-09-29 22:55:52,576 [INFO] DbMcusDocs:110 - Set database path to: C:\Users\WINDOWN\.stmcufinder\plugins\mcufinder//mcu/
2023-09-29 22:55:52,576 [WARN] DbFile:35 - Overriding database path with different value: C:\Users\WINDOWN\.stmcufinder\plugins\mcufinder/ => C:\Users\WINDOWN\.stmcufinder\plugins\mcufinder
2023-09-29 22:55:52,577 [INFO] DbMcusJson:64 - Set database path to: C:\Users\WINDOWN\.stmcufinder\plugins\mcufinder//mcu/
2023-09-29 22:55:52,577 [WARN] DbFile:35 - Overriding database path with different value: C:\Users\WINDOWN\.stmcufinder\plugins\mcufinder/ => C:\Users\WINDOWN\.stmcufinder\plugins\mcufinder
2023-09-29 22:55:52,577 [INFO] DbBoardsDocs:110 - Set database path to: C:\Users\WINDOWN\.stmcufinder\plugins\mcufinder//mcu/
2023-09-29 22:55:52,577 [WARN] DbFile:35 - Overriding database path with different value: C:\Users\WINDOWN\.stmcufinder\plugins\mcufinder/ => C:\Users\WINDOWN\.stmcufinder\plugins\mcufinder
2023-09-29 22:55:52,577 [INFO] DbBoardsJson:57 - Set database path to: C:\Users\WINDOWN\.stmcufinder\plugins\mcufinder//mcu/
2023-09-29 22:55:52,577 [WARN] DbFile:35 - Overriding database path with different value: C:\Users\WINDOWN\.stmcufinder\plugins\mcufinder/ => C:\Users\WINDOWN\.stmcufinder\plugins\mcufinder
2023-09-29 22:55:52,577 [WARN] DbFile:35 - Overriding database path with different value: C:\Users\WINDOWN\.stmcufinder\plugins\mcufinder/ => C:\Users\WINDOWN\.stmcufinder\plugins\mcufinder
2023-09-29 22:55:52,577 [INFO] CrossReferenceDbSqlite:196 - Set database path to: C:\Users\WINDOWN\.stmcufinder\plugins\mcufinder//mcu/cs/
2023-09-29 22:55:52,577 [WARN] DbFile:35 - Overriding database path with different value: C:\Users\WINDOWN\.stmcufinder\plugins\mcufinder/ => C:\Users\WINDOWN\.stmcufinder\plugins\mcufinder
2023-09-29 22:55:52,577 [INFO] DbExamplesSqlite:767 - Set database path to: C:\Users\WINDOWN\.stmcufinder\plugins\mcufinder//mcu/
2023-09-29 22:55:52,600 [INFO] ApplicationProperties:181 - Using Application install path: D:\Installation\Apps\CubeIDE\STM32CubeIDE_1.7.0\STM32CubeIDE\plugins\com.st.stm32cube.common.mx_6.3.0.202107141111
2023-09-29 22:55:52,603 [INFO] PluginManage:188 - Search for loadable plugins [exclusion list=, ]
2023-09-29 22:55:52,605 [INFO] PluginManage:302 - Check plugin analytics
2023-09-29 22:55:57,738 [INFO] AnalyticsPlugin:257 - Accepted Software Licenses: 
2023-09-29 22:55:57,738 [INFO] AnalyticsPlugin:259 - Accepted CMSIS Pack Licenses: 
2023-09-29 22:55:57,738 [INFO] AnalyticsPlugin:261 - Accepted Firmware Licenses: 
2023-09-29 22:55:57,738 [INFO] PluginManage:352 - Loaded plugin analytics (category:tool,tabindex:-1)
2023-09-29 22:55:57,738 [INFO] PluginManage:302 - Check plugin clock
2023-09-29 22:55:57,765 [INFO] PluginManage:352 - Loaded plugin clock (category:base,tabindex:2)
2023-09-29 22:55:57,766 [INFO] PluginManage:302 - Check plugin ddr
2023-09-29 22:55:57,770 [INFO] PluginManage:352 - Loaded plugin ddr (category:tool,tabindex:6)
2023-09-29 22:55:57,770 [INFO] PluginManage:302 - Check plugin filemanager
2023-09-29 22:55:57,931 [INFO] PluginManage:352 - Loaded plugin filemanager (category:base,tabindex:10)
2023-09-29 22:55:57,931 [INFO] PluginManage:302 - Check plugin ipmanager
2023-09-29 22:55:57,942 [INFO] PluginManage:352 - Loaded plugin ipmanager (category:base,tabindex:5)
2023-09-29 22:55:57,942 [INFO] PluginManage:302 - Check plugin pinoutandconfiguration
2023-09-29 22:55:57,954 [INFO] PluginManage:352 - Loaded plugin pinoutandconfiguration (category:base,tabindex:1)
2023-09-29 22:55:57,954 [INFO] PluginManage:302 - Check plugin pinoutconfig
2023-09-29 22:55:57,983 [INFO] PluginManage:352 - Loaded plugin pinoutconfig (category:base,tabindex:0)
2023-09-29 22:55:57,984 [INFO] PluginManage:302 - Check plugin power
2023-09-29 22:55:58,002 [INFO] PluginManage:352 - Loaded plugin power (category:power,tabindex:4)
2023-09-29 22:55:58,002 [INFO] PluginManage:302 - Check plugin projectmanager
2023-09-29 22:55:58,021 [INFO] PluginManage:352 - Loaded plugin projectmanager (category:projectmanager,tabindex:3)
2023-09-29 22:55:58,021 [INFO] PluginManage:302 - Check plugin thirdparty
2023-09-29 22:55:58,166 [INFO] PluginManage:352 - Loaded plugin thirdparty (category:base,tabindex:-1)
2023-09-29 22:55:58,166 [INFO] PluginManage:302 - Check plugin tools
2023-09-29 22:55:58,166 [WARN] IntegrityCheckThread:78 - waiting for thirdparty lock release [integrity check]
2023-09-29 22:55:58,167 [INFO] IntegrityCheckThread:80 - entering critical section [integrity check]
2023-09-29 22:55:58,167 [INFO] ThirdPartyUpdaterWithRetryManager:66 - Updater plugin not ready yet. [1/15]
2023-09-29 22:55:58,169 [INFO] PluginManage:352 - Loaded plugin tools (category:base,tabindex:7)
2023-09-29 22:55:58,169 [INFO] PluginManage:302 - Check plugin tutovideos
2023-09-29 22:55:58,432 [INFO] PluginManage:352 - Loaded plugin tutovideos (category:base,tabindex:-1)
2023-09-29 22:55:58,432 [INFO] PluginManage:302 - Check plugin updater
2023-09-29 22:55:58,449 [INFO] PluginManage:352 - Loaded plugin updater (category:base,tabindex:12)
2023-09-29 22:55:58,449 [INFO] PluginManage:275 - PluginManage : Loaded plugins [13]
2023-09-29 22:55:58,658 [INFO] PinOutPanel:1463 - setPackage(No Configuration,No Configuration)
2023-09-29 22:55:58,766 [INFO] IPUIPlugin:74 - create IPUIPlugin
2023-09-29 22:55:58,766 [INFO] PluginManager:213 - loadIPPluginJar : add adc
2023-09-29 22:55:58,770 [INFO] IPUIPlugin:74 - create IPUIPlugin
2023-09-29 22:55:58,771 [INFO] PluginManager:213 - loadIPPluginJar : add aes
2023-09-29 22:55:58,775 [INFO] IPUIPlugin:74 - create IPUIPlugin
2023-09-29 22:55:58,775 [INFO] PluginManager:213 - loadIPPluginJar : add can
2023-09-29 22:55:58,777 [INFO] IPUIPlugin:74 - create IPUIPlugin
2023-09-29 22:55:58,777 [INFO] PluginManager:213 - loadIPPluginJar : add comp
2023-09-29 22:55:58,780 [INFO] IPUIPlugin:74 - create IPUIPlugin
2023-09-29 22:55:58,780 [INFO] PluginManager:213 - loadIPPluginJar : add cryp
2023-09-29 22:55:58,783 [INFO] IPUIPlugin:74 - create IPUIPlugin
2023-09-29 22:55:58,784 [INFO] PluginManager:213 - loadIPPluginJar : add dfsdm
2023-09-29 22:55:58,790 [INFO] IPUIPlugin:74 - create IPUIPlugin
2023-09-29 22:55:58,790 [INFO] PluginManager:213 - loadIPPluginJar : add dma
2023-09-29 22:55:58,794 [INFO] IPUIPlugin:74 - create IPUIPlugin
2023-09-29 22:55:58,794 [INFO] PluginManager:213 - loadIPPluginJar : add dma3
2023-09-29 22:55:58,794 [INFO] IPUIPlugin:74 - create IPUIPlugin
2023-09-29 22:55:58,794 [INFO] PluginManager:213 - loadIPPluginJar : add fatfs
2023-09-29 22:55:58,804 [INFO] IPUIPlugin:74 - create IPUIPlugin
2023-09-29 22:55:58,804 [INFO] PluginManager:213 - loadIPPluginJar : add fmc
2023-09-29 22:55:58,811 [INFO] IPUIPlugin:74 - create IPUIPlugin
2023-09-29 22:55:58,812 [INFO] PluginManager:213 - loadIPPluginJar : add freertos
2023-09-29 22:55:58,814 [INFO] IPUIPlugin:74 - create IPUIPlugin
2023-09-29 22:55:58,814 [INFO] PluginManager:213 - loadIPPluginJar : add genericplugin
2023-09-29 22:55:58,817 [INFO] IPUIPlugin:74 - create IPUIPlugin
2023-09-29 22:55:58,817 [INFO] PluginManager:213 - loadIPPluginJar : add gfxmmu
2023-09-29 22:55:58,824 [INFO] IPUIPlugin:74 - create IPUIPlugin
2023-09-29 22:55:58,824 [INFO] PluginManager:213 - loadIPPluginJar : add gic
2023-09-29 22:55:58,830 [INFO] IPUIPlugin:74 - create IPUIPlugin
2023-09-29 22:55:58,830 [INFO] PluginManager:213 - loadIPPluginJar : add gpio
2023-09-29 22:55:58,833 [INFO] IPUIPlugin:74 - create IPUIPlugin
2023-09-29 22:55:58,833 [INFO] PluginManager:213 - loadIPPluginJar : add gtzc
2023-09-29 22:55:58,837 [INFO] IPUIPlugin:74 - create IPUIPlugin
2023-09-29 22:55:58,837 [INFO] PluginManager:213 - loadIPPluginJar : add hash
2023-09-29 22:55:58,840 [INFO] IPUIPlugin:74 - create IPUIPlugin
2023-09-29 22:55:58,840 [INFO] PluginManager:213 - loadIPPluginJar : add i2c
2023-09-29 22:55:58,843 [INFO] IPUIPlugin:74 - create IPUIPlugin
2023-09-29 22:55:58,843 [INFO] PluginManager:213 - loadIPPluginJar : add i2s
2023-09-29 22:55:58,848 [INFO] IPUIPlugin:74 - create IPUIPlugin
2023-09-29 22:55:58,848 [INFO] PluginManager:213 - loadIPPluginJar : add ipddr
2023-09-29 22:55:58,858 [INFO] IPUIPlugin:74 - create IPUIPlugin
2023-09-29 22:55:58,858 [INFO] PluginManager:213 - loadIPPluginJar : add linkedlist
2023-09-29 22:55:58,861 [INFO] IPUIPlugin:74 - create IPUIPlugin
2023-09-29 22:55:58,861 [INFO] PluginManager:213 - loadIPPluginJar : add lorawan
2023-09-29 22:55:58,864 [INFO] IPUIPlugin:74 - create IPUIPlugin
2023-09-29 22:55:58,864 [INFO] PluginManager:213 - loadIPPluginJar : add ltdc
2023-09-29 22:55:58,870 [INFO] IPUIPlugin:74 - create IPUIPlugin
2023-09-29 22:55:58,871 [INFO] PluginManager:213 - loadIPPluginJar : add mdma
2023-09-29 22:55:58,876 [INFO] IPUIPlugin:74 - create IPUIPlugin
2023-09-29 22:55:58,876 [INFO] PluginManager:213 - loadIPPluginJar : add nvic
2023-09-29 22:55:58,881 [INFO] IPUIPlugin:74 - create IPUIPlugin
2023-09-29 22:55:58,881 [INFO] PluginManager:213 - loadIPPluginJar : add opamp
2023-09-29 22:55:58,885 [INFO] IPUIPlugin:74 - create IPUIPlugin
2023-09-29 22:55:58,885 [INFO] PluginManager:213 - loadIPPluginJar : add openamp
2023-09-29 22:55:58,890 [INFO] IPUIPlugin:74 - create IPUIPlugin
2023-09-29 22:55:58,890 [INFO] PluginManager:213 - loadIPPluginJar : add pdm2pcm
2023-09-29 22:55:58,915 [INFO] IPUIPlugin:74 - create IPUIPlugin
2023-09-29 22:55:58,917 [INFO] PluginManager:213 - loadIPPluginJar : add plateformsettings
2023-09-29 22:55:58,920 [INFO] IPUIPlugin:74 - create IPUIPlugin
2023-09-29 22:55:58,920 [INFO] PluginManager:213 - loadIPPluginJar : add quadspi
2023-09-29 22:55:58,927 [INFO] IPUIPlugin:74 - create IPUIPlugin
2023-09-29 22:55:58,927 [INFO] PluginManager:213 - loadIPPluginJar : add resmgrutility
2023-09-29 22:55:58,931 [INFO] IPUIPlugin:74 - create IPUIPlugin
2023-09-29 22:55:58,931 [INFO] PluginManager:213 - loadIPPluginJar : add sai
2023-09-29 22:55:58,940 [INFO] IPUIPlugin:74 - create IPUIPlugin
2023-09-29 22:55:58,940 [INFO] PluginManager:213 - loadIPPluginJar : add spi
2023-09-29 22:55:58,940 [INFO] IPUIPlugin:74 - create IPUIPlugin
2023-09-29 22:55:58,940 [INFO] PluginManager:213 - loadIPPluginJar : add stm32_wpan
2023-09-29 22:55:58,940 [INFO] IPUIPlugin:74 - create IPUIPlugin
2023-09-29 22:55:58,940 [INFO] PluginManager:213 - loadIPPluginJar : add tim
2023-09-29 22:55:58,954 [INFO] IPUIPlugin:74 - create IPUIPlugin
2023-09-29 22:55:58,954 [INFO] PluginManager:213 - loadIPPluginJar : add touchsensing
2023-09-29 22:55:58,958 [INFO] IPUIPlugin:74 - create IPUIPlugin
2023-09-29 22:55:58,958 [INFO] PluginManager:213 - loadIPPluginJar : add tracer_emb
2023-09-29 22:55:58,961 [INFO] IPUIPlugin:74 - create IPUIPlugin
2023-09-29 22:55:58,961 [INFO] PluginManager:213 - loadIPPluginJar : add ts
2023-09-29 22:55:58,963 [INFO] IPUIPlugin:74 - create IPUIPlugin
2023-09-29 22:55:58,963 [INFO] PluginManager:213 - loadIPPluginJar : add tsc
2023-09-29 22:55:58,965 [INFO] IPUIPlugin:74 - create IPUIPlugin
2023-09-29 22:55:58,965 [INFO] PluginManager:213 - loadIPPluginJar : add ucpd
2023-09-29 22:55:58,968 [INFO] IPUIPlugin:74 - create IPUIPlugin
2023-09-29 22:55:58,968 [INFO] PluginManager:213 - loadIPPluginJar : add usart
2023-09-29 22:55:58,972 [INFO] IPUIPlugin:74 - create IPUIPlugin
2023-09-29 22:55:58,972 [INFO] PluginManager:213 - loadIPPluginJar : add usbx
2023-09-29 22:55:59,322 [FATAL] Updater:294 - Updater called before beeing initialized
2023-09-29 22:55:59,438 [FATAL] Updater:294 - Updater called before beeing initialized
2023-09-29 22:55:59,438 [INFO] DbMcusAds:47 - JSON generation date=Tue Mar 07 15:50:55 ICT 2023 (1678179055114)
2023-09-29 22:55:59,438 [FATAL] Updater:294 - Updater called before beeing initialized
2023-09-29 22:55:59,487 [WARN] DetailPanel:314 - Failed to get advertising image, set to default
2023-09-29 22:55:59,571 [FATAL] Updater:294 - Updater called before beeing initialized
2023-09-29 22:55:59,575 [FATAL] Updater:294 - Updater called before beeing initialized
2023-09-29 22:55:59,576 [FATAL] Updater:294 - Updater called before beeing initialized
2023-09-29 22:55:59,576 [WARN] DetailPanel:314 - Failed to get advertising image, set to default
2023-09-29 22:55:59,577 [FATAL] Updater:294 - Updater called before beeing initialized
2023-09-29 22:55:59,627 [ERROR] Updater:1075 - MainUpdater not yet initialized. External WinMGr cannot be set.
2023-09-29 22:55:59,631 [INFO] Updater:1012 - Updater Version found : 6.3.0
2023-09-29 22:55:59,658 [INFO] ApplicationProperties:181 - Using Application install path: D:\Installation\Apps\CubeIDE\STM32CubeIDE_1.7.0\STM32CubeIDE\plugins\com.st.stm32cube.common.mx_6.3.0.202107141111
2023-09-29 22:55:59,942 [INFO] MainUpdater:2671 - connection check result : 10
2023-09-29 22:55:59,942 [INFO] MainUpdater:265 - Updater Check For Update Now.
2023-09-29 22:55:59,942 [INFO] MicroXplorer:478 - Change Database Version : DB.6.0.30
2023-09-29 22:56:00,104 [INFO] CheckServerUpdateThread:112 - End of CheckServer Thread
2023-09-29 22:56:00,170 [INFO] MainUpdater:2671 - connection check result : 10
2023-09-29 22:56:00,444 [INFO] McuFinderGlobals:52 - Set McuFinderConnectedMode to false
2023-09-29 22:56:00,563 [INFO] CrossSelectorPresenter:1330 - Cross Selector saved comparison directory: C:\Users\WINDOWN\.stmcufinder\plugins\mcufinder\mcu\cs_comparisons_mx
2023-09-29 22:56:00,570 [INFO] MultiScanPanel:197 - Auto-refresh data requested => check proxy status ongoing
2023-09-29 22:56:00,571 [INFO] MultiScanPanel:201 - Proxy status is invalid
2023-09-29 22:56:00,581 [INFO] FinderPluginLoader:87 - Searching for filters in installed packs
2023-09-29 22:56:00,582 [INFO] DbMcusXml:100 - Load MCU database from D:\Installation\Apps\CubeIDE\STM32CubeIDE_1.7.0\STM32CubeIDE\plugins\com.st.stm32cube.common.mx_6.3.0.202107141111\\db\/mcu/families.xml
2023-09-29 22:56:01,289 [ERROR] Engine:463 - C:\Users\WINDOWN\.stm32cubemx\thirdparties\pdsc\STMicroelectronics.X-CUBE-SMBUS.2.1.0.pdsc: PDSC version is not supported
2023-09-29 22:56:01,375 [INFO] DbMcusJson:93 - JSON generation date=Tue Nov 16 23:17:54 ICT 2021 (1637079474)
2023-09-29 22:56:01,408 [WARN] PackLoader:238 - Cannot read IP mode file for STMicroelectronics.X-CUBE-AZRTOS-F7.1.1.0
2023-09-29 22:56:01,421 [ERROR] Engine:463 - C:\Users\WINDOWN\.stm32cubemx\thirdparties\pdsc\STMicroelectronics.FP-SNS-MOTENV1.4.3.2.pdsc: PDSC version is not supported
2023-09-29 22:56:01,424 [ERROR] Engine:463 - C:\Users\WINDOWN\.stm32cubemx\thirdparties\pdsc\STMicroelectronics.FP-SNS-FLIGHT1.5.0.2.pdsc: PDSC version is not supported
2023-09-29 22:56:01,428 [ERROR] Engine:463 - C:\Users\WINDOWN\.stm32cubemx\thirdparties\pdsc\STMicroelectronics.X-CUBE-DISPLAY.3.0.0.pdsc: PDSC version is not supported
2023-09-29 22:56:01,435 [WARN] PackLoader:238 - Cannot read IP mode file for STMicroelectronics.X-CUBE-BLE1.7.0.0
2023-09-29 22:56:01,437 [ERROR] Engine:463 - C:\Users\WINDOWN\.stm32cubemx\thirdparties\pdsc\emotas.I-CUBE-CANOPEN.1.3.0.pdsc: PDSC version is not supported
2023-09-29 22:56:01,442 [WARN] PackLoader:238 - Cannot read IP mode file for STMicroelectronics.X-CUBE-TOUCHGFX.4.22.0
2023-09-29 22:56:01,442 [ERROR] Engine:463 - C:\Users\WINDOWN\.stm32cubemx\thirdparties\pdsc\STMicroelectronics.FP-SNS-SMARTAG2.1.2.0.pdsc: PDSC version is not supported
2023-09-29 22:56:01,457 [INFO] LogOutputStream:76 - [STDOUT_REDIRECT] 1 : Invalid condition id : UX_CORESTACK_Condition cause : null
2023-09-29 22:56:01,459 [INFO] LogOutputStream:76 - [STDOUT_REDIRECT] 1 : Invalid condition id : UX_CORESTACK_Condition cause : null
2023-09-29 22:56:01,460 [INFO] LogOutputStream:76 - [STDOUT_REDIRECT] 1 : Invalid condition id : UX_CORESTACK_Condition cause : null
2023-09-29 22:56:01,461 [INFO] LogOutputStream:76 - [STDOUT_REDIRECT] 1 : Invalid condition id : UX_CORESTACK_Condition cause : null
2023-09-29 22:56:01,463 [INFO] LogOutputStream:76 - [STDOUT_REDIRECT] 1 : Invalid condition id : UX_CORESTACK_Condition cause : null
2023-09-29 22:56:01,466 [WARN] PackLoader:238 - Cannot read IP mode file for STMicroelectronics.X-CUBE-AZRTOS-WL.2.0.0
2023-09-29 22:56:01,487 [WARN] PackLoader:238 - Cannot read IP mode file for WES.I-CUBE-Cesium.1.3.0
2023-09-29 22:56:01,489 [WARN] PackLoader:238 - Cannot read IP mode file for STMicroelectronics.X-CUBE-BLE2.3.3.0
2023-09-29 22:56:01,496 [WARN] PackLoader:238 - Cannot read IP mode file for STMicroelectronics.X-CUBE-ALGOBUILD.1.3.0
2023-09-29 22:56:01,544 [WARN] PackLoader:238 - Cannot read IP mode file for STMicroelectronics.X-CUBE-AZRTOS-G0.1.1.0
2023-09-29 22:56:01,555 [WARN] PackLoader:238 - Cannot read IP mode file for STMicroelectronics.X-CUBE-NFC4.3.0.0
2023-09-29 22:56:01,560 [WARN] PackLoader:238 - Cannot read IP mode file for STMicroelectronics.FP-ATR-SIGFOX1.3.2.0
2023-09-29 22:56:01,590 [WARN] PackLoader:238 - Cannot read IP mode file for SEGGER.I-CUBE-embOS.1.3.1
2023-09-29 22:56:01,687 [WARN] PackLoader:238 - Cannot read IP mode file for STMicroelectronics.X-CUBE-GNSS1.6.0.0
2023-09-29 22:56:01,713 [WARN] PackLoader:238 - Cannot read IP mode file for STMicroelectronics.X-CUBE-AZRTOS-F4.1.1.0
2023-09-29 22:56:01,724 [WARN] PackLoader:238 - Cannot read IP mode file for wolfSSL.I-CUBE-wolfSSL.5.6.3
2023-09-29 22:56:01,739 [WARN] PackLoader:238 - Cannot read IP mode file for STMicroelectronics.X-CUBE-AZRTOS-L5.2.0.0
2023-09-29 22:56:01,813 [WARN] PackLoader:238 - Cannot read IP mode file for STMicroelectronics.X-CUBE-MEMS1.9.6.0
2023-09-29 22:56:02,061 [WARN] PackLoader:238 - Cannot read IP mode file for STMicroelectronics.X-CUBE-BLEMGR.2.0.0
2023-09-29 22:56:02,087 [WARN] ConditionMgr:437 - getConditionDescription Invalid condition id : UX DEVICE CLASS RTOS Condition cause : null
2023-09-29 22:56:02,087 [WARN] ConditionMgr:437 - getConditionDescription Invalid condition id : UX DEVICE CLASS RTOS Condition cause : null
2023-09-29 22:56:02,088 [WARN] PackLoader:238 - Cannot read IP mode file for STMicroelectronics.X-CUBE-AZRTOS-H7.3.1.0
2023-09-29 22:56:02,099 [WARN] ConditionMgr:1038 - genDependencies : Invalid condition id : UX DEVICE CLASS RTOS Condition cause : null
2023-09-29 22:56:02,099 [WARN] ConditionMgr:1038 - genDependencies : Invalid condition id : UX DEVICE CLASS RTOS Condition cause : null
2023-09-29 22:56:02,099 [WARN] ConditionMgr:1038 - genDependencies : Invalid condition id : UX DEVICE CLASS RTOS Condition cause : null
2023-09-29 22:56:02,099 [WARN] ConditionMgr:1038 - genDependencies : Invalid condition id : UX DEVICE CLASS RTOS Condition cause : null
2023-09-29 22:56:02,099 [WARN] ConditionMgr:1038 - genDependencies : Invalid condition id : UX DEVICE CLASS RTOS Condition cause : null
2023-09-29 22:56:02,106 [WARN] PackLoader:238 - Cannot read IP mode file for STMicroelectronics.X-CUBE-NFC7.1.0.1
2023-09-29 22:56:02,110 [INFO] DbMcus:175 - Found 1951 MCUs (1903 are supported by CubeMX, 1914 are visible in CubeMX)
2023-09-29 22:56:02,111 [INFO] ApiDb:251 - Load user favorites file C:\Users\WINDOWN/.stm32cubeide/favorites.mcus.txt: 0 item(s)
2023-09-29 22:56:02,112 [INFO] ApiDb:255 - User favorites MCUs=[]
2023-09-29 22:56:02,112 [INFO] DbMcus:187 - Set 0 / 0 favorites MCUs
2023-09-29 22:56:02,115 [WARN] PackLoader:238 - Cannot read IP mode file for STMicroelectronics.X-CUBE-NFC6.3.0.0
2023-09-29 22:56:02,125 [WARN] PackLoader:238 - Cannot read IP mode file for STMicroelectronics.X-CUBE-EEPRMA1.4.1.0
2023-09-29 22:56:02,130 [WARN] PackLoader:238 - Cannot read IP mode file for STMicroelectronics.X-CUBE-AI.8.1.0
2023-09-29 22:56:02,154 [WARN] ConditionMgr:437 - getConditionDescription Invalid condition id : LAN8742 Phy interface Condition cause : null
2023-09-29 22:56:02,155 [WARN] PackLoader:238 - Cannot read IP mode file for STMicroelectronics.X-CUBE-AZRTOS-L4.2.0.0
2023-09-29 22:56:02,156 [WARN] ConditionMgr:1038 - genDependencies : Invalid condition id : LAN8742 Phy interface Condition cause : null
2023-09-29 22:56:02,156 [WARN] ConditionMgr:1038 - genDependencies : Invalid condition id : LAN8742 Phy interface Condition cause : null
2023-09-29 22:56:02,157 [WARN] ConditionMgr:1038 - genDependencies : Invalid condition id : LAN8742 Phy interface Condition cause : null
2023-09-29 22:56:02,172 [WARN] PackLoader:238 - Cannot read IP mode file for STMicroelectronics.X-CUBE-SFXS2LP1.4.0.0
2023-09-29 22:56:02,178 [WARN] PackLoader:238 - Cannot read IP mode file for STMicroelectronics.X-CUBE-ISPU.1.1.0
2023-09-29 22:56:02,190 [WARN] ConditionMgr:437 - getConditionDescription Invalid condition id : UX DEVICE CLASS RTOS Condition cause : null
2023-09-29 22:56:02,190 [WARN] ConditionMgr:437 - getConditionDescription Invalid condition id : UX DEVICE CLASS RTOS Condition cause : null
2023-09-29 22:56:02,190 [WARN] PackLoader:238 - Cannot read IP mode file for STMicroelectronics.X-CUBE-AZRTOS-WB.2.0.0
2023-09-29 22:56:02,190 [WARN] ConditionMgr:1038 - genDependencies : Invalid condition id : UX DEVICE CLASS RTOS Condition cause : null
2023-09-29 22:56:02,190 [WARN] ConditionMgr:1038 - genDependencies : Invalid condition id : UX DEVICE CLASS RTOS Condition cause : null
2023-09-29 22:56:02,190 [WARN] ConditionMgr:1038 - genDependencies : Invalid condition id : UX DEVICE CLASS RTOS Condition cause : null
2023-09-29 22:56:02,201 [WARN] ConditionMgr:1038 - genDependencies : Invalid condition id : UX DEVICE CLASS RTOS Condition cause : null
2023-09-29 22:56:02,201 [WARN] ConditionMgr:1038 - genDependencies : Invalid condition id : UX DEVICE CLASS RTOS Condition cause : null
2023-09-29 22:56:02,213 [WARN] PackLoader:238 - Cannot read IP mode file for STMicroelectronics.X-CUBE-SUBG2.5.0.0
2023-09-29 22:56:02,224 [ERROR] Engine:463 - C:\Users\WINDOWN\.stm32cubemx\thirdparties\pdsc\STMicroelectronics.X-CUBE-TOF1.3.3.1.pdsc: PDSC version is not supported
2023-09-29 22:56:02,237 [WARN] PackLoader:238 - Cannot read IP mode file for STMicroelectronics.X-CUBE-AZRTOS-G4.2.0.0
2023-09-29 22:56:02,237 [ERROR] Engine:463 - C:\Users\WINDOWN\.stm32cubemx\thirdparties\pdsc\STMicroelectronics.X-CUBE-FREERTOS.1.1.0.pdsc: PDSC version is not supported
2023-09-29 22:56:02,249 [WARN] PackLoader:238 - Cannot read IP mode file for portGmbH.I-Cube-SoM-uGOAL.1.1.0
2023-09-29 22:56:02,254 [WARN] PackLoader:238 - Cannot read IP mode file for STMicroelectronics.X-CUBE-ALS.1.0.1
2023-09-29 22:56:02,258 [WARN] PackLoader:238 - Cannot read IP mode file for STMicroelectronics.FP-ATR-ASTRA1.2.0.0
2023-09-29 22:56:02,259 [INFO] ThirdParty:915 - Integrity check success = true
2023-09-29 22:56:02,259 [INFO] IntegrityCheckThread:94 - exiting critical section [integrity check]
2023-09-29 22:56:02,259 [INFO] IntegrityCheckThread:97 - End integrity checks thread
2023-09-29 22:56:02,623 [INFO] DetailPanel:309 - Set advertising image to C:/Users/WINDOWN/STM32Cube/Repository/\en.prom-stm32h5-mcu-finder.jpg
2023-09-29 22:56:03,109 [INFO] DbBoardsPdsc:90 - Found 25 items
2023-09-29 22:56:03,112 [INFO] DbBoardsPdsc:90 - Found 9 items
2023-09-29 22:56:03,117 [INFO] DbBoardsPdsc:90 - Found 33 items
2023-09-29 22:56:03,118 [INFO] DbBoardsPdsc:90 - Found 1 items
2023-09-29 22:56:03,124 [INFO] DbBoardsPdsc:90 - Found 48 items
2023-09-29 22:56:03,133 [INFO] DbBoardsPdsc:90 - Found 43 items
2023-09-29 22:56:03,134 [INFO] DbBoardsPdsc:90 - Found 2 items
2023-09-29 22:56:03,137 [INFO] DbBoardsPdsc:90 - Found 5 items
2023-09-29 22:56:03,141 [WARN] DbBoardsPdsc:254 - Board STM32H7B3I-DK: unknown feature type=Audio, name=, username=Audio stereo codec with Headphone Amp (CS42L51-CNZ), n=1
2023-09-29 22:56:03,141 [WARN] DbBoardsPdsc:254 - Board STM32H735G-DK: unknown feature type=Audio, name=, username=Audio stereo codec with Headphone Amp (WM8994ECS/R), n=1
2023-09-29 22:56:03,141 [WARN] DbBoardsPdsc:254 - Board STM32H7B3I-EVAL: unknown feature type=Audio, name=, username=Multi-Channel Audio Codec (CS42L51-CNZ), n=1
2023-09-29 22:56:03,141 [WARN] DbBoardsPdsc:254 - Board STM32H7B3I-EVAL: unknown feature type=Meter, name=, username=Power-metering and Temperature-monitoring with sigma-delta modulators, n=1
2023-09-29 22:56:03,141 [WARN] DbBoardsPdsc:254 - Board STM32H7B3I-EVAL: unknown feature type=Motor, name=, username=Motor Control, n=1
2023-09-29 22:56:03,141 [WARN] DbBoardsPdsc:254 - Board STM32U575I-EV: unknown feature type=joystick, name=, username=4-direction joystick with selection button, n=1
2023-09-29 22:56:03,162 [INFO] DbBoardsJson:86 - JSON generation date=Tue Nov 16 23:17:54 ICT 2021 (1637079474)
2023-09-29 22:56:03,168 [INFO] DbBoards:117 - Found 167 boards (163 are supported by CubeMX)
2023-09-29 22:56:03,172 [INFO] DbBoardsDocs:143 - JSON generation date=Tue Nov 16 23:17:54 ICT 2021 (1637079474)
2023-09-29 22:56:03,174 [INFO] DbBoardsDocs:79 - Found 209 boards documents
2023-09-29 22:56:03,175 [WARN] DbBoards:127 - board B-L475E-IOT01A2 has no document id list !
2023-09-29 22:56:03,176 [WARN] DbBoards:127 - board NUCLEO-H743ZI has no document id list !
2023-09-29 22:56:03,177 [WARN] DbBoards:127 - board NUCLEO-WL55JC2 has no document id list !
2023-09-29 22:56:03,177 [WARN] DbBoards:127 - board P-NUCLEO-WB55-Nucleo has no document id list !
2023-09-29 22:56:03,177 [WARN] DbBoards:127 - board P-NUCLEO-WB55-USBDongle has no document id list !
2023-09-29 22:56:03,177 [WARN] DbBoards:127 - board STEVAL-BFA001V1B has no document id list !
2023-09-29 22:56:03,177 [WARN] DbBoards:127 - board STEVAL-BFA001V2B has no document id list !
2023-09-29 22:56:03,177 [WARN] DbBoards:127 - board STEVAL-IDP005V1 has no document id list !
2023-09-29 22:56:03,177 [WARN] DbBoards:127 - board STEVAL-IDP005V2 has no document id list !
2023-09-29 22:56:03,177 [WARN] DbBoards:127 - board STEVAL-MKSBOX1V1 has no document id list !
2023-09-29 22:56:03,177 [WARN] DbBoards:127 - board STEVAL-STWINKT1 has no document id list !
2023-09-29 22:56:03,177 [WARN] DbBoards:127 - board STEVAL-STWINKT1B has no document id list !
2023-09-29 22:56:03,177 [WARN] DbBoards:127 - board STM32439I-EVAL2 has no document id list !
2023-09-29 22:56:03,178 [WARN] DbBoards:127 - board STM32F401C-DISCO has no document id list !
2023-09-29 22:56:03,178 [WARN] DbBoards:127 - board STM32F769I-DISC1 has no document id list !
2023-09-29 22:56:03,179 [WARN] DbBoards:127 - board STM32G474E-EVAL1 has no document id list !
2023-09-29 22:56:03,179 [WARN] DbBoards:127 - board STM32H743I-EVAL2 has no document id list !
2023-09-29 22:56:03,179 [WARN] DbBoards:127 - board STM32H747I-DISC1 has no document id list !
2023-09-29 22:56:03,179 [WARN] DbBoards:127 - board STM32H753I-EVAL2 has no document id list !
2023-09-29 22:56:03,179 [WARN] DbBoards:127 - board STM32L-DISCOVERY has no document id list !
2023-09-29 22:56:03,303 [ERROR] DbBoards:189 - Image file not found for board B-U585I-IOT02A: D:\Installation\Apps\CubeIDE\STM32CubeIDE_1.7.0\STM32CubeIDE\plugins\com.st.stm32cube.common.mx_6.3.0.202107141111\\db\/plugins/mcufinder/images/boards/B-U585I-IOT02A_small.jpg
2023-09-29 22:56:03,415 [ERROR] DbBoards:189 - Image file not found for board NUCLEO-F413ZH: D:\Installation\Apps\CubeIDE\STM32CubeIDE_1.7.0\STM32CubeIDE\plugins\com.st.stm32cube.common.mx_6.3.0.202107141111\\db\/plugins/mcufinder/images/boards/nucleo-f413zh_small.jpg
2023-09-29 22:56:03,612 [ERROR] DbBoards:189 - Image file not found for board NUCLEO-L552ZE-Q: D:\Installation\Apps\CubeIDE\STM32CubeIDE_1.7.0\STM32CubeIDE\plugins\com.st.stm32cube.common.mx_6.3.0.202107141111\\db\/plugins/mcufinder/images/boards/nucleo_l552ze_q_small.jpg
2023-09-29 22:56:03,612 [ERROR] DbBoards:189 - Image file not found for board NUCLEO-U575ZI-Q: D:\Installation\Apps\CubeIDE\STM32CubeIDE_1.7.0\STM32CubeIDE\plugins\com.st.stm32cube.common.mx_6.3.0.202107141111\\db\/plugins/mcufinder/images/boards/nucleo-u575zi-q_small.jpg
2023-09-29 22:56:03,613 [ERROR] DbBoards:189 - Image file not found for board NUCLEO-WB15CC: D:\Installation\Apps\CubeIDE\STM32CubeIDE_1.7.0\STM32CubeIDE\plugins\com.st.stm32cube.common.mx_6.3.0.202107141111\\db\/plugins/mcufinder/images/boards/nucleo-wb15cc_small.jpg
2023-09-29 22:56:03,613 [ERROR] DbBoards:189 - Image file not found for board NUCLEO-WB55RG: D:\Installation\Apps\CubeIDE\STM32CubeIDE_1.7.0\STM32CubeIDE\plugins\com.st.stm32cube.common.mx_6.3.0.202107141111\\db\/plugins/mcufinder/images/boards/nucleo-wb55rg_small.jpg
2023-09-29 22:56:04,739 [INFO] ApiDb:251 - Load user favorites file C:\Users\WINDOWN/.stm32cubeide/favorites.boards.txt: 0 item(s)
2023-09-29 22:56:04,739 [INFO] ApiDb:255 - User favorites Boards=[]
2023-09-29 22:56:04,740 [INFO] DbBoards:206 - Set 0 / 0 favorites Boards
2023-09-29 22:56:14,634 [INFO] DbMcusDocs:143 - JSON generation date=Tue Nov 16 23:17:54 ICT 2021 (1637079474)
2023-09-29 22:56:15,056 [INFO] DbMcusDocs:79 - Found 682 MCUs documents
2023-09-29 22:56:33,927 [INFO] MainUpdater:2671 - connection check result : 10
2023-09-29 22:56:33,929 [INFO] MainUpdater:2671 - connection check result : 10
2023-09-29 22:56:33,999 [INFO] MicroXplorer:448 - Change Database Path : 
2023-09-29 22:56:33,999 [INFO] MicroXplorer:478 - Change Database Version : DB.6.0.30
2023-09-29 22:56:34,003 [WARN] ThirdParty:813 - waiting for thirdparty lock release [close project]
2023-09-29 22:56:34,003 [INFO] ThirdParty:815 - entering critical section [close project]
2023-09-29 22:56:34,005 [INFO] ThirdParty:825 - exiting critical section [close project]
2023-09-29 22:56:34,009 [INFO] PinOutPanel:1463 - setPackage(No Configuration,No Configuration)
2023-09-29 22:56:34,011 [INFO] UtilMem:74 - Begin LoadConfig() Used Memory: 343052480 Bytes (619708416)
2023-09-29 22:56:34,012 [INFO] MicroXplorer:448 - Change Database Path : 
2023-09-29 22:56:34,012 [INFO] MicroXplorer:478 - Change Database Version : DB.6.0.30
2023-09-29 22:56:34,013 [INFO] OpenFileManager:313 - Change cursor
2023-09-29 22:56:34,935 [INFO] Context:592 - Trying to add GPIOservice into a context  which must be forbidden
2023-09-29 22:56:35,141 [INFO] ImportTextPane:167 - (OptionalMessage_ERROR) Unable to find key (Mcu.ThirdPartyNb) in loaded IOC file
2023-09-29 22:56:35,141 [INFO] ImportTextPane:167 - (OptionalMessage_ERROR) Unable to find key (Mcu.PinsNb) in loaded IOC file
2023-09-29 22:56:35,141 [INFO] ImportTextPane:167 - (OptionalMessage_ERROR) Unable to find key (Mcu.IPNb) in loaded IOC file
2023-09-29 22:56:35,190 [WARN] ApiManager:304 - Cannot register API 'Board Extension:GNSS1A1' from pack STMicroelectronics.X-CUBE-GNSS1.6.0.0: no header file found
2023-09-29 22:56:35,190 [WARN] ApiManager:304 - Cannot register API 'Board Support:Custom' from pack STMicroelectronics.X-CUBE-GNSS1.6.0.0: no header file found
2023-09-29 22:56:35,191 [WARN] ApiManager:304 - Cannot register API 'Data Exchange:lib_gnss' from pack STMicroelectronics.X-CUBE-GNSS1.6.0.0: no header file found
2023-09-29 22:56:35,195 [WARN] ApiManager:304 - Cannot register API 'Wireless:BlueNRG-MS' from pack STMicroelectronics.X-CUBE-BLE1.7.0.0: no header file found
2023-09-29 22:56:35,195 [WARN] ModelIntegratedComponent:60 - No mode defined for component null
2023-09-29 22:56:35,195 [WARN] ModelIntegratedComponent:60 - No mode defined for component null
2023-09-29 22:56:35,195 [WARN] ModelIntegratedComponent:60 - No mode defined for component null
2023-09-29 22:56:35,195 [WARN] ModelIntegratedComponent:60 - No mode defined for component null
2023-09-29 22:56:35,195 [WARN] ModelIntegratedComponent:60 - No mode defined for component null
2023-09-29 22:56:35,195 [WARN] ModelIntegratedComponent:60 - No mode defined for component null
2023-09-29 22:56:35,195 [WARN] ModelIntegratedComponent:60 - No mode defined for component null
2023-09-29 22:56:35,195 [WARN] ModelIntegratedComponent:60 - No mode defined for component null
2023-09-29 22:56:35,195 [WARN] ModelIntegratedComponent:60 - No mode defined for component null
2023-09-29 22:56:35,195 [WARN] ModelIntegratedComponent:60 - No mode defined for component null
2023-09-29 22:56:35,195 [WARN] ModelIntegratedComponent:60 - No mode defined for component null
2023-09-29 22:56:35,195 [WARN] ModelIntegratedComponent:60 - No mode defined for component null
2023-09-29 22:56:35,195 [WARN] ModelIntegratedComponent:60 - No mode defined for component null
2023-09-29 22:56:35,195 [WARN] ModelIntegratedComponent:60 - No mode defined for component null
2023-09-29 22:56:35,195 [WARN] ModelIntegratedComponent:60 - No mode defined for component null
2023-09-29 22:56:35,195 [WARN] ModelIntegratedComponent:60 - No mode defined for component null
2023-09-29 22:56:35,195 [WARN] ModelIntegratedComponent:60 - No mode defined for component null
2023-09-29 22:56:35,195 [WARN] ModelIntegratedComponent:60 - No mode defined for component null
2023-09-29 22:56:35,195 [WARN] ModelIntegratedComponent:60 - No mode defined for component null
2023-09-29 22:56:35,195 [WARN] ModelIntegratedComponent:60 - No mode defined for component null
2023-09-29 22:56:35,195 [WARN] ModelIntegratedComponent:60 - No mode defined for component null
2023-09-29 22:56:35,195 [WARN] ModelIntegratedComponent:60 - No mode defined for component null
2023-09-29 22:56:35,195 [WARN] ModelIntegratedComponent:60 - No mode defined for component null
2023-09-29 22:56:35,195 [WARN] ModelIntegratedComponent:60 - No mode defined for component null
2023-09-29 22:56:35,195 [WARN] ModelIntegratedComponent:60 - No mode defined for component null
2023-09-29 22:56:35,195 [WARN] ModelIntegratedComponent:60 - No mode defined for component null
2023-09-29 22:56:35,195 [WARN] ModelIntegratedComponent:60 - No mode defined for component null
2023-09-29 22:56:35,195 [WARN] ModelIntegratedComponent:60 - No mode defined for component null
2023-09-29 22:56:35,195 [WARN] ModelIntegratedComponent:60 - No mode defined for component null
2023-09-29 22:56:35,195 [WARN] ModelIntegratedComponent:60 - No mode defined for component null
2023-09-29 22:56:35,195 [WARN] ModelIntegratedComponent:60 - No mode defined for component null
2023-09-29 22:56:35,195 [WARN] ApiManager:304 - Cannot register API 'Board Extension:NFC07A1' from pack STMicroelectronics.X-CUBE-NFC7.1.0.1: no header file found
2023-09-29 22:56:35,209 [WARN] ApiManager:304 - Cannot register API 'Board Extension:NFC06A1' from pack STMicroelectronics.X-CUBE-NFC6.3.0.0: no header file found
2023-09-29 22:56:35,209 [WARN] ApiManager:304 - Cannot register API 'Board Extension:NFC08A1' from pack STMicroelectronics.X-CUBE-NFC6.3.0.0: no header file found
2023-09-29 22:56:35,210 [WARN] ApiManager:304 - Cannot register API 'Board Extension:EEPRMA1' from pack STMicroelectronics.X-CUBE-EEPRMA1.4.1.0: no header file found
2023-09-29 22:56:35,211 [WARN] ApiManager:304 - Cannot register API 'Board Extension:EEPRMA2' from pack STMicroelectronics.X-CUBE-EEPRMA1.4.1.0: no header file found
2023-09-29 22:56:35,211 [WARN] ApiManager:304 - Cannot register API 'Board Extension:PGEEZ1' from pack STMicroelectronics.X-CUBE-EEPRMA1.4.1.0: no header file found
2023-09-29 22:56:35,211 [WARN] ApiManager:304 - Cannot register API 'Board Part:M24' from pack STMicroelectronics.X-CUBE-EEPRMA1.4.1.0: no header file found
2023-09-29 22:56:35,211 [WARN] ApiManager:304 - Cannot register API 'Board Part:M95' from pack STMicroelectronics.X-CUBE-EEPRMA1.4.1.0: no header file found
2023-09-29 22:56:35,211 [WARN] ApiManager:304 - Cannot register API 'Board Part:M95P32' from pack STMicroelectronics.X-CUBE-EEPRMA1.4.1.0: no header file found
2023-09-29 22:56:35,211 [WARN] ApiManager:304 - Cannot register API 'PGEEZ1:SPI' from pack STMicroelectronics.X-CUBE-EEPRMA1.4.1.0: no header file found
2023-09-29 22:56:35,211 [WARN] ApiManager:304 - Cannot register API 'PGEEZ1:QDSPI' from pack STMicroelectronics.X-CUBE-EEPRMA1.4.1.0: no header file found
2023-09-29 22:56:35,456 [WARN] ApiManager:304 - Cannot register API 'Board Extension:IKS01A3' from pack STMicroelectronics.X-CUBE-MEMS1.9.6.0: no header file found
2023-09-29 22:56:35,457 [WARN] ApiManager:304 - Cannot register API 'Board Extension:IKS01A2' from pack STMicroelectronics.X-CUBE-MEMS1.9.6.0: no header file found
2023-09-29 22:56:35,457 [WARN] ApiManager:304 - Cannot register API 'Board Extension:IKS02A1' from pack STMicroelectronics.X-CUBE-MEMS1.9.6.0: no header file found
2023-09-29 22:56:35,473 [INFO] RtosManager:484 - Registered RTOS mode: class=CMSIS, group=RTOS, mode=CMSIS_V1, owner=FREERTOS
2023-09-29 22:56:35,473 [INFO] RtosManager:484 - Registered RTOS mode: class=CMSIS, group=RTOS2, mode=CMSIS_V2, owner=FREERTOS
2023-09-29 22:56:35,473 [INFO] RtosManager:484 - Registered RTOS mode: class=RTOS, group=Core, mode=CMSIS_V1, owner=FREERTOS
2023-09-29 22:56:35,473 [INFO] RtosManager:484 - Registered RTOS mode: class=RTOS, group=Core, mode=CMSIS_V2, owner=FREERTOS
2023-09-29 22:56:35,473 [WARN] ModelIntegratedComponent:181 - Missing modes for component STMicroelectronics:FreeRTOS:0.0.1:STMicroelectronics:RTOS:FreeRTOS:Core:::10.2.0:
2023-09-29 22:56:35,475 [WARN] ApiManager:304 - Cannot register API 'Board Extension:NFC04A1' from pack STMicroelectronics.X-CUBE-NFC4.3.0.0: no header file found
2023-09-29 22:56:35,479 [WARN] ApiManager:304 - Cannot register API 'Board Extension:S2868A1' from pack STMicroelectronics.X-CUBE-SUBG2.5.0.0: no header file found
2023-09-29 22:56:35,479 [WARN] ApiManager:304 - Cannot register API 'Board Extension:S2868A2' from pack STMicroelectronics.X-CUBE-SUBG2.5.0.0: no header file found
2023-09-29 22:56:35,479 [WARN] ApiManager:304 - Cannot register API 'Board Extension:S2915A1' from pack STMicroelectronics.X-CUBE-SUBG2.5.0.0: no header file found
2023-09-29 22:56:35,482 [WARN] ApiManager:304 - Cannot register API 'Board Extension:S2868A1' from pack STMicroelectronics.X-CUBE-SFXS2LP1.4.0.0: no header file found
2023-09-29 22:56:35,482 [WARN] ApiManager:304 - Cannot register API 'Board Extension:S2868A2' from pack STMicroelectronics.X-CUBE-SFXS2LP1.4.0.0: no header file found
2023-09-29 22:56:35,482 [WARN] ApiManager:304 - Cannot register API 'Board Extension:S2915A1' from pack STMicroelectronics.X-CUBE-SFXS2LP1.4.0.0: no header file found
2023-09-29 22:56:35,483 [WARN] ApiManager:304 - Cannot register API 'Wireless:BlueNRG-2' from pack STMicroelectronics.X-CUBE-BLE2.3.3.0: no header file found
2023-09-29 22:56:37,281 [INFO] UtilMem:74 - End LoadConfig() Used Memory: 531066224 Bytes (619708416)
2023-09-29 22:56:37,284 [WARN] ThirdParty:779 - waiting for thirdparty lock release [change project]
2023-09-29 22:56:37,284 [INFO] ThirdParty:781 - entering critical section [change project]
2023-09-29 22:56:37,284 [INFO] ThirdParty:967 - CMSIS Pack Vendor :STMicroelectronics X-CUBE-ISPU 1.1.0
2023-09-29 22:56:37,285 [INFO] ThirdParty:967 - CMSIS Pack Vendor :STMicroelectronics X-CUBE-GNSS1 6.0.0
2023-09-29 22:56:37,285 [INFO] ThirdParty:967 - CMSIS Pack Vendor :STMicroelectronics USB_HOST 2.0.0
2023-09-29 22:56:37,285 [INFO] ThirdParty:967 - CMSIS Pack Vendor :STMicroelectronics X-CUBE-AZRTOS-F4 1.1.0
2023-09-29 22:56:37,285 [INFO] ThirdParty:967 - CMSIS Pack Vendor :STMicroelectronics X-CUBE-BLE1 7.0.0
2023-09-29 22:56:37,285 [INFO] ThirdParty:967 - CMSIS Pack Vendor :STMicroelectronics FP-ATR-SIGFOX1 3.2.0
2023-09-29 22:56:37,285 [INFO] ThirdParty:967 - CMSIS Pack Vendor :wolfSSL I-CUBE-wolfSSL 5.6.3
2023-09-29 22:56:37,285 [INFO] ThirdParty:967 - CMSIS Pack Vendor :STMicroelectronics USB_DEVICE 3.0.0
2023-09-29 22:56:37,285 [INFO] ThirdParty:967 - CMSIS Pack Vendor :STMicroelectronics HAL Drivers 0.0.0
2023-09-29 22:56:37,285 [INFO] ThirdParty:967 - CMSIS Pack Vendor :STMicroelectronics MBEDTLS 2.16.2
2023-09-29 22:56:37,285 [INFO] ThirdParty:967 - CMSIS Pack Vendor :STMicroelectronics X-CUBE-AZRTOS-WB 2.0.0
2023-09-29 22:56:37,285 [INFO] ThirdParty:967 - CMSIS Pack Vendor :STMicroelectronics X-CUBE-TOUCHGFX 4.22.0
2023-09-29 22:56:37,285 [INFO] ThirdParty:967 - CMSIS Pack Vendor :STMicroelectronics X-CUBE-NFC7 1.0.1
2023-09-29 22:56:37,285 [INFO] ThirdParty:967 - CMSIS Pack Vendor :STMicroelectronics MBEDTLS 2.14.1
2023-09-29 22:56:37,285 [INFO] ThirdParty:967 - CMSIS Pack Vendor :STMicroelectronics X-CUBE-AZRTOS-F7 1.1.0
2023-09-29 22:56:37,285 [INFO] ThirdParty:967 - CMSIS Pack Vendor :STMicroelectronics X-CUBE-AZRTOS-L5 2.0.0
2023-09-29 22:56:37,285 [INFO] ThirdParty:967 - CMSIS Pack Vendor :STMicroelectronics X-CUBE-NFC6 3.0.0
2023-09-29 22:56:37,286 [INFO] ThirdParty:967 - CMSIS Pack Vendor :STMicroelectronics X-CUBE-EEPRMA1 4.1.0
2023-09-29 22:56:37,286 [INFO] ThirdParty:967 - CMSIS Pack Vendor :portGmbH I-Cube-SoM-uGOAL 1.1.0
2023-09-29 22:56:37,286 [INFO] ThirdParty:967 - CMSIS Pack Vendor :STMicroelectronics X-CUBE-ALS 1.0.1
2023-09-29 22:56:37,286 [INFO] ThirdParty:967 - CMSIS Pack Vendor :STMicroelectronics USB_DEVICE 2.0.0
2023-09-29 22:56:37,286 [INFO] ThirdParty:967 - CMSIS Pack Vendor :STMicroelectronics X-CUBE-MEMS1 9.6.0
2023-09-29 22:56:37,286 [INFO] ThirdParty:967 - CMSIS Pack Vendor :STMicroelectronics X-CUBE-AZRTOS-WL 2.0.0
2023-09-29 22:56:37,286 [INFO] ThirdParty:967 - CMSIS Pack Vendor :STMicroelectronics X-CUBE-ALGOBUILD 1.3.0
2023-09-29 22:56:37,286 [INFO] ThirdParty:967 - CMSIS Pack Vendor :SEGGER I-CUBE-embOS 1.3.1
2023-09-29 22:56:37,286 [INFO] ThirdParty:967 - CMSIS Pack Vendor :STMicroelectronics FreeRTOS 0.0.1
2023-09-29 22:56:37,286 [INFO] ThirdParty:967 - CMSIS Pack Vendor :STMicroelectronics X-CUBE-AZRTOS-G0 1.1.0
2023-09-29 22:56:37,286 [INFO] ThirdParty:967 - CMSIS Pack Vendor :STMicroelectronics USB_DEVICE 1.0.0
2023-09-29 22:56:37,286 [INFO] ThirdParty:967 - CMSIS Pack Vendor :STMicroelectronics X-CUBE-BLEMGR 2.0.0
2023-09-29 22:56:37,286 [INFO] ThirdParty:967 - CMSIS Pack Vendor :STMicroelectronics X-CUBE-AI 8.1.0
2023-09-29 22:56:37,286 [INFO] ThirdParty:967 - CMSIS Pack Vendor :STMicroelectronics X-CUBE-NFC4 3.0.0
2023-09-29 22:56:37,286 [INFO] ThirdParty:967 - CMSIS Pack Vendor :STMicroelectronics X-CUBE-SUBG2 5.0.0
2023-09-29 22:56:37,286 [INFO] ThirdParty:967 - CMSIS Pack Vendor :STMicroelectronics X-CUBE-AZRTOS-L4 2.0.0
2023-09-29 22:56:37,286 [INFO] ThirdParty:967 - CMSIS Pack Vendor :STMicroelectronics ThreadX 0.0.2
2023-09-29 22:56:37,286 [INFO] ThirdParty:967 - CMSIS Pack Vendor :WES I-CUBE-Cesium 1.3.0
2023-09-29 22:56:37,286 [INFO] ThirdParty:967 - CMSIS Pack Vendor :STMicroelectronics FP-ATR-ASTRA1 2.0.0
2023-09-29 22:56:37,286 [INFO] ThirdParty:967 - CMSIS Pack Vendor :STMicroelectronics lwIP 2.0.3
2023-09-29 22:56:37,286 [INFO] ThirdParty:967 - CMSIS Pack Vendor :STMicroelectronics lwIP 2.1.2
2023-09-29 22:56:37,286 [INFO] ThirdParty:967 - CMSIS Pack Vendor :STMicroelectronics X-CUBE-SFXS2LP1 4.0.0
2023-09-29 22:56:37,287 [INFO] ThirdParty:967 - CMSIS Pack Vendor :STMicroelectronics X-CUBE-BLE2 3.3.0
2023-09-29 22:56:37,287 [INFO] ThirdParty:967 - CMSIS Pack Vendor :STMicroelectronics USB_HOST 1.0.0
2023-09-29 22:56:37,287 [INFO] ThirdParty:967 - CMSIS Pack Vendor :STMicroelectronics X-CUBE-AZRTOS-G4 2.0.0
2023-09-29 22:56:37,287 [INFO] ThirdParty:967 - CMSIS Pack Vendor :STMicroelectronics PDM2PCM 3.1.0
2023-09-29 22:56:37,287 [INFO] ThirdParty:967 - CMSIS Pack Vendor :STMicroelectronics X-CUBE-AZRTOS-H7 3.1.0
2023-09-29 22:56:37,287 [INFO] ThirdParty:967 - CMSIS Pack Vendor :STMicroelectronics PDM2PCM 3.2.0
2023-09-29 22:56:37,287 [INFO] ThirdParty:967 - CMSIS Pack Vendor :STMicroelectronics PDM2PCM 3.3.0
2023-09-29 22:56:37,287 [INFO] ThirdParty:787 - exiting critical section [change project]
2023-09-29 22:56:37,568 [INFO] PinOutPanel:1463 - setPackage(No Configuration,No Configuration)
2023-09-29 22:56:37,568 [INFO] PinOutPanel:1463 - setPackage(STM32F103C6Tx,LQFP48)
2023-09-29 22:56:37,931 [INFO] UtilMem:74 - Before build in PCC Used Memory: 412654016 Bytes (619708416)
2023-09-29 22:56:38,569 [INFO] UtilMem:74 - After build in PCC Used Memory: 485101056 Bytes (619708416)
2023-09-29 22:56:38,588 [INFO] IPUIPlugin:74 - create IPUIPlugin
2023-09-29 22:56:38,589 [INFO] IPUIPlugin:74 - create IPUIPlugin
2023-09-29 22:56:38,589 [INFO] IPUIPlugin:74 - create IPUIPlugin
2023-09-29 22:56:38,589 [INFO] IPUIPlugin:74 - create IPUIPlugin
2023-09-29 22:56:38,589 [INFO] IPUIPlugin:74 - create IPUIPlugin
2023-09-29 22:56:38,589 [INFO] IPUIPlugin:74 - create IPUIPlugin
2023-09-29 22:56:38,589 [INFO] IPUIPlugin:74 - create IPUIPlugin
2023-09-29 22:56:38,590 [INFO] IPUIPlugin:74 - create IPUIPlugin
2023-09-29 22:56:38,590 [INFO] IPUIPlugin:74 - create IPUIPlugin
2023-09-29 22:56:38,590 [INFO] IPUIPlugin:74 - create IPUIPlugin
2023-09-29 22:56:38,590 [INFO] IPUIPlugin:74 - create IPUIPlugin
2023-09-29 22:56:38,590 [INFO] IPUIPlugin:74 - create IPUIPlugin
2023-09-29 22:56:38,590 [INFO] IPUIPlugin:74 - create IPUIPlugin
2023-09-29 22:56:38,590 [INFO] IPUIPlugin:74 - create IPUIPlugin
2023-09-29 22:56:38,590 [INFO] IPUIPlugin:74 - create IPUIPlugin
2023-09-29 22:56:38,592 [INFO] IPUIPlugin:74 - create IPUIPlugin
2023-09-29 22:56:38,592 [INFO] IPUIPlugin:74 - create IPUIPlugin
2023-09-29 22:56:38,592 [INFO] IPUIPlugin:74 - create IPUIPlugin
2023-09-29 22:56:38,592 [INFO] IPUIPlugin:74 - create IPUIPlugin
2023-09-29 22:56:38,593 [INFO] IPUIPlugin:74 - create IPUIPlugin
2023-09-29 22:56:38,593 [INFO] IPUIPlugin:74 - create IPUIPlugin
2023-09-29 22:56:38,594 [INFO] IPUIPlugin:74 - create IPUIPlugin
2023-09-29 22:56:38,594 [INFO] IPUIPlugin:74 - create IPUIPlugin
2023-09-29 22:56:38,712 [INFO] OpenFileManager:333 - Restore cursor
2023-09-29 22:56:38,983 [INFO] UtilMem:74 - End SaveConfig() Used Memory: 429045344 Bytes (619708416)
2023-09-29 22:56:39,028 [INFO] UtilMem:74 - End SaveConfig() Used Memory: 442647792 Bytes (619708416)
2023-09-29 22:56:39,339 [INFO] BlockDiagram:2740 - set Specific Code input for plugin: NVIC
2023-09-29 22:56:39,340 [INFO] BlockDiagram:2740 - set Specific Code input for plugin: SYS
2023-09-29 22:56:39,341 [INFO] BlockDiagram:2740 - set Specific Code input for plugin: RCC
2023-09-29 22:56:39,341 [INFO] CodeGenerator:663 - code generatio: config db path: D:\Installation\Apps\CubeIDE\STM32CubeIDE_1.7.0\STM32CubeIDE\plugins\com.st.stm32cube.common.mx_6.3.0.202107141111\\db\
2023-09-29 22:56:39,673 [INFO] CodeEngine:239 - oldGeneratedFile, D:\HCMUT\KNOWLEDGE\Github\HCMUT\Team\CO3007-2111203-lab1\CO3007-2111203-lab1\Cube\Traffic_Light\MXTmpFiles\license.tmp_save
2023-09-29 22:56:40,144 [INFO] CodeEngine:257 - Generated code: D:\HCMUT\KNOWLEDGE\Github\HCMUT\Team\CO3007-2111203-lab1\CO3007-2111203-lab1\Cube\Traffic_Light\MXTmpFiles\license.tmp
2023-09-29 22:56:40,244 [INFO] CodeEngine:239 - oldGeneratedFile, D:\HCMUT\KNOWLEDGE\Github\HCMUT\Team\CO3007-2111203-lab1\CO3007-2111203-lab1\Cube\Traffic_Light\Core\Src\stm32f1xx_it.c_save
2023-09-29 22:56:40,376 [INFO] CodeEngine:257 - Generated code: D:\HCMUT\KNOWLEDGE\Github\HCMUT\Team\CO3007-2111203-lab1\CO3007-2111203-lab1\Cube\Traffic_Light\Core\Src\stm32f1xx_it.c
2023-09-29 22:56:40,379 [INFO] CodeEngine:239 - oldGeneratedFile, D:\HCMUT\KNOWLEDGE\Github\HCMUT\Team\CO3007-2111203-lab1\CO3007-2111203-lab1\Cube\Traffic_Light\Core\Inc\stm32f1xx_it.h_save
2023-09-29 22:56:40,477 [INFO] CodeEngine:257 - Generated code: D:\HCMUT\KNOWLEDGE\Github\HCMUT\Team\CO3007-2111203-lab1\CO3007-2111203-lab1\Cube\Traffic_Light\Core\Inc\stm32f1xx_it.h
2023-09-29 22:56:40,486 [INFO] CodeEngine:239 - oldGeneratedFile, D:\HCMUT\KNOWLEDGE\Github\HCMUT\Team\CO3007-2111203-lab1\CO3007-2111203-lab1\Cube\Traffic_Light\Core\Src\stm32f1xx_hal_msp.c_save
2023-09-29 22:56:40,587 [INFO] CodeEngine:257 - Generated code: D:\HCMUT\KNOWLEDGE\Github\HCMUT\Team\CO3007-2111203-lab1\CO3007-2111203-lab1\Cube\Traffic_Light\Core\Src\stm32f1xx_hal_msp.c
2023-09-29 22:56:40,591 [INFO] CodeEngine:239 - oldGeneratedFile, D:\HCMUT\KNOWLEDGE\Github\HCMUT\Team\CO3007-2111203-lab1\CO3007-2111203-lab1\Cube\Traffic_Light\MXTmpFiles\system.tmp_save
2023-09-29 22:56:40,644 [INFO] CodeEngine:257 - Generated code: D:\HCMUT\KNOWLEDGE\Github\HCMUT\Team\CO3007-2111203-lab1\CO3007-2111203-lab1\Cube\Traffic_Light\MXTmpFiles\system.tmp
2023-09-29 22:56:40,663 [INFO] CodeEngine:239 - oldGeneratedFile, D:\HCMUT\KNOWLEDGE\Github\HCMUT\Team\CO3007-2111203-lab1\CO3007-2111203-lab1\Cube\Traffic_Light\Core\Inc\stm32f1xx_hal_conf.h_save
2023-09-29 22:56:40,722 [INFO] CodeEngine:257 - Generated code: D:\HCMUT\KNOWLEDGE\Github\HCMUT\Team\CO3007-2111203-lab1\CO3007-2111203-lab1\Cube\Traffic_Light\Core\Inc\stm32f1xx_hal_conf.h
2023-09-29 22:56:40,759 [INFO] CodeEngine:239 - oldGeneratedFile, D:\HCMUT\KNOWLEDGE\Github\HCMUT\Team\CO3007-2111203-lab1\CO3007-2111203-lab1\Cube\Traffic_Light\Core\Inc\main.h_save
2023-09-29 22:56:40,844 [INFO] CodeEngine:257 - Generated code: D:\HCMUT\KNOWLEDGE\Github\HCMUT\Team\CO3007-2111203-lab1\CO3007-2111203-lab1\Cube\Traffic_Light\Core\Inc\main.h
2023-09-29 22:56:40,857 [INFO] CodeEngine:239 - oldGeneratedFile, D:\HCMUT\KNOWLEDGE\Github\HCMUT\Team\CO3007-2111203-lab1\CO3007-2111203-lab1\Cube\Traffic_Light\Core\Src\main.c_save
2023-09-29 22:56:41,009 [INFO] CodeEngine:257 - Generated code: D:\HCMUT\KNOWLEDGE\Github\HCMUT\Team\CO3007-2111203-lab1\CO3007-2111203-lab1\Cube\Traffic_Light\Core\Src\main.c
2023-09-29 22:56:42,035 [INFO] ProjectBuilder:2578 - Time for Copy HAL[1] : 96mS.
2023-09-29 22:56:42,041 [INFO] ProjectBuilder:3622 - Project Generator version: 3.14.1
2023-09-29 22:56:42,569 [INFO] ConfigFileManager:1271 - The Die is : DIE412
2023-09-29 22:56:42,587 [INFO] ApiDbMcu:468 - Load IP Config File for FATFS
2023-09-29 22:56:42,615 [INFO] ApiDbMcu:468 - Load IP Config File for FREERTOS
2023-09-29 22:56:42,642 [INFO] ApiDbMcu:468 - Load IP Config File for USB_DEVICE
2023-09-29 22:56:46,417 [INFO] ProjectBuilder:3789 - Time for Generating toolchain IDE Files: 4376mS.
2023-09-29 22:56:46,418 [INFO] ProjectBuilder:2457 - Time for Copy CMSIS : 0mS.
2023-09-29 22:56:46,420 [INFO] ProjectBuilder:2457 - Time for Copy CMSIS : 0mS.
2023-09-29 22:56:47,113 [INFO] McuFinderGlobals:52 - Set McuFinderConnectedMode to true
2023-09-29 22:56:47,114 [INFO] ApiDb:276 - Save user favorites file C:\Users\WINDOWN/.stm32cubeide/favorites.mcus.txt: 0 item(s)
2023-09-29 22:56:47,115 [INFO] ApiDb:280 - User favorites MCUs=[]
2023-09-29 22:57:37,618 [INFO] UtilMem:74 - End SaveConfig() Used Memory: 776390352 Bytes (921698304)
2023-09-29 22:57:38,647 [INFO] UtilMem:74 - End SaveConfig() Used Memory: 659507896 Bytes (921698304)
2023-09-29 22:57:41,406 [INFO] UtilMem:74 - End SaveConfig() Used Memory: 791902728 Bytes (921698304)
2023-09-29 22:57:41,783 [INFO] BlockDiagram:2740 - set Specific Code input for plugin: NVIC
2023-09-29 22:57:41,783 [INFO] BlockDiagram:2740 - set Specific Code input for plugin: SYS
2023-09-29 22:57:41,786 [INFO] BlockDiagram:2740 - set Specific Code input for plugin: GPIO
2023-09-29 22:57:41,786 [INFO] BlockDiagram:2740 - set Specific Code input for plugin: RCC
2023-09-29 22:57:41,786 [INFO] CodeGenerator:663 - code generatio: config db path: D:\Installation\Apps\CubeIDE\STM32CubeIDE_1.7.0\STM32CubeIDE\plugins\com.st.stm32cube.common.mx_6.3.0.202107141111\\db\
2023-09-29 22:57:42,180 [INFO] CodeEngine:239 - oldGeneratedFile, D:\HCMUT\KNOWLEDGE\Github\HCMUT\Team\CO3007-2111203-lab1\CO3007-2111203-lab1\Cube\Traffic_Light\MXTmpFiles\license.tmp_save
2023-09-29 22:57:42,232 [INFO] CodeEngine:257 - Generated code: D:\HCMUT\KNOWLEDGE\Github\HCMUT\Team\CO3007-2111203-lab1\CO3007-2111203-lab1\Cube\Traffic_Light\MXTmpFiles\license.tmp
2023-09-29 22:57:42,283 [INFO] CodeEngine:239 - oldGeneratedFile, D:\HCMUT\KNOWLEDGE\Github\HCMUT\Team\CO3007-2111203-lab1\CO3007-2111203-lab1\Cube\Traffic_Light\MXTmpFiles\gpio.tmp_save
2023-09-29 22:57:42,334 [INFO] CodeEngine:257 - Generated code: D:\HCMUT\KNOWLEDGE\Github\HCMUT\Team\CO3007-2111203-lab1\CO3007-2111203-lab1\Cube\Traffic_Light\MXTmpFiles\gpio.tmp
2023-09-29 22:57:42,368 [INFO] CodeEngine:239 - oldGeneratedFile, D:\HCMUT\KNOWLEDGE\Github\HCMUT\Team\CO3007-2111203-lab1\CO3007-2111203-lab1\Cube\Traffic_Light\Core\Src\stm32f1xx_it.c_save
2023-09-29 22:57:42,479 [INFO] CodeEngine:257 - Generated code: D:\HCMUT\KNOWLEDGE\Github\HCMUT\Team\CO3007-2111203-lab1\CO3007-2111203-lab1\Cube\Traffic_Light\Core\Src\stm32f1xx_it.c
2023-09-29 22:57:42,497 [INFO] CodeEngine:239 - oldGeneratedFile, D:\HCMUT\KNOWLEDGE\Github\HCMUT\Team\CO3007-2111203-lab1\CO3007-2111203-lab1\Cube\Traffic_Light\Core\Inc\stm32f1xx_it.h_save
2023-09-29 22:57:42,590 [INFO] CodeEngine:257 - Generated code: D:\HCMUT\KNOWLEDGE\Github\HCMUT\Team\CO3007-2111203-lab1\CO3007-2111203-lab1\Cube\Traffic_Light\Core\Inc\stm32f1xx_it.h
2023-09-29 22:57:42,600 [INFO] CodeEngine:239 - oldGeneratedFile, D:\HCMUT\KNOWLEDGE\Github\HCMUT\Team\CO3007-2111203-lab1\CO3007-2111203-lab1\Cube\Traffic_Light\Core\Src\stm32f1xx_hal_msp.c_save
2023-09-29 22:57:42,748 [INFO] CodeEngine:257 - Generated code: D:\HCMUT\KNOWLEDGE\Github\HCMUT\Team\CO3007-2111203-lab1\CO3007-2111203-lab1\Cube\Traffic_Light\Core\Src\stm32f1xx_hal_msp.c
2023-09-29 22:57:42,751 [INFO] CodeEngine:239 - oldGeneratedFile, D:\HCMUT\KNOWLEDGE\Github\HCMUT\Team\CO3007-2111203-lab1\CO3007-2111203-lab1\Cube\Traffic_Light\MXTmpFiles\system.tmp_save
2023-09-29 22:57:42,814 [INFO] CodeEngine:257 - Generated code: D:\HCMUT\KNOWLEDGE\Github\HCMUT\Team\CO3007-2111203-lab1\CO3007-2111203-lab1\Cube\Traffic_Light\MXTmpFiles\system.tmp
2023-09-29 22:57:42,814 [INFO] CodeEngine:239 - oldGeneratedFile, D:\HCMUT\KNOWLEDGE\Github\HCMUT\Team\CO3007-2111203-lab1\CO3007-2111203-lab1\Cube\Traffic_Light\Core\Inc\stm32f1xx_hal_conf.h_save
2023-09-29 22:57:42,926 [INFO] CodeEngine:257 - Generated code: D:\HCMUT\KNOWLEDGE\Github\HCMUT\Team\CO3007-2111203-lab1\CO3007-2111203-lab1\Cube\Traffic_Light\Core\Inc\stm32f1xx_hal_conf.h
2023-09-29 22:57:42,963 [INFO] CodeEngine:239 - oldGeneratedFile, D:\HCMUT\KNOWLEDGE\Github\HCMUT\Team\CO3007-2111203-lab1\CO3007-2111203-lab1\Cube\Traffic_Light\Core\Inc\main.h_save
2023-09-29 22:57:43,046 [INFO] CodeEngine:257 - Generated code: D:\HCMUT\KNOWLEDGE\Github\HCMUT\Team\CO3007-2111203-lab1\CO3007-2111203-lab1\Cube\Traffic_Light\Core\Inc\main.h
2023-09-29 22:57:43,050 [INFO] CodeEngine:239 - oldGeneratedFile, D:\HCMUT\KNOWLEDGE\Github\HCMUT\Team\CO3007-2111203-lab1\CO3007-2111203-lab1\Cube\Traffic_Light\Core\Src\main.c_save
2023-09-29 22:57:43,149 [INFO] CodeEngine:257 - Generated code: D:\HCMUT\KNOWLEDGE\Github\HCMUT\Team\CO3007-2111203-lab1\CO3007-2111203-lab1\Cube\Traffic_Light\Core\Src\main.c
2023-09-29 22:57:44,081 [INFO] ProjectBuilder:2578 - Time for Copy HAL[1] : 67mS.
2023-09-29 22:57:44,081 [INFO] ProjectBuilder:3622 - Project Generator version: 3.14.1
2023-09-29 22:57:44,679 [INFO] ConfigFileManager:1271 - The Die is : DIE412
2023-09-29 22:57:46,934 [INFO] ProjectBuilder:3789 - Time for Generating toolchain IDE Files: 2853mS.
2023-09-29 22:57:46,935 [INFO] ProjectBuilder:2457 - Time for Copy CMSIS : 0mS.
2023-09-29 22:57:46,937 [INFO] ProjectBuilder:2457 - Time for Copy CMSIS : 0mS.
2023-09-30 04:51:28,654 [INFO] Activator:177 - 


2023-09-30 04:51:28,656 [INFO] Activator:178 - !SESSION log4j initialized
